c:\users\easto\desktop\3dproceduralterrain\project\debug\vc143.pdb
c:\users\easto\desktop\3dproceduralterrain\project\debug\vc143.idb
c:\users\easto\desktop\3dproceduralterrain\project\debug\window.obj
c:\users\easto\desktop\3dproceduralterrain\project\debug\texture.obj
c:\users\easto\desktop\3dproceduralterrain\project\debug\skyboxshader.obj
c:\users\easto\desktop\3dproceduralterrain\project\debug\skybox.obj
c:\users\easto\desktop\3dproceduralterrain\project\debug\shader.obj
c:\users\easto\desktop\3dproceduralterrain\project\debug\noise.obj
c:\users\easto\desktop\3dproceduralterrain\project\debug\mesh.obj
c:\users\easto\desktop\3dproceduralterrain\project\debug\material.obj
c:\users\easto\desktop\3dproceduralterrain\project\debug\terrainshader.obj
c:\users\easto\desktop\3dproceduralterrain\project\debug\main.obj
c:\users\easto\desktop\3dproceduralterrain\project\debug\light.obj
c:\users\easto\desktop\3dproceduralterrain\project\debug\graphicsmanager.obj
c:\users\easto\desktop\3dproceduralterrain\project\debug\directionallight.obj
c:\users\easto\desktop\3dproceduralterrain\project\debug\chunkcontroller.obj
c:\users\easto\desktop\3dproceduralterrain\project\debug\camera.obj
c:\users\easto\desktop\3dproceduralterrain\debug\3dproceduralterrain.exe
c:\users\easto\desktop\3dproceduralterrain\debug\3dproceduralterrain.pdb
c:\users\easto\desktop\3dproceduralterrain\project\debug\3dproceduralterrain.ilk
c:\users\easto\desktop\3dproceduralterrain\project\debug\3dproced.c637dc47.tlog\cl.command.1.tlog
c:\users\easto\desktop\3dproceduralterrain\project\debug\3dproced.c637dc47.tlog\cl.items.tlog
c:\users\easto\desktop\3dproceduralterrain\project\debug\3dproced.c637dc47.tlog\cl.read.1.tlog
c:\users\easto\desktop\3dproceduralterrain\project\debug\3dproced.c637dc47.tlog\cl.write.1.tlog
c:\users\easto\desktop\3dproceduralterrain\project\debug\3dproced.c637dc47.tlog\link.command.1.tlog
c:\users\easto\desktop\3dproceduralterrain\project\debug\3dproced.c637dc47.tlog\link.read.1.tlog
c:\users\easto\desktop\3dproceduralterrain\project\debug\3dproced.c637dc47.tlog\link.secondary.1.tlog
c:\users\easto\desktop\3dproceduralterrain\project\debug\3dproced.c637dc47.tlog\link.write.1.tlog
