c:\users\easto\desktop\proceduralterrain\3dproceduralterrain\3dproceduralterrain\release\vc143.pdb
c:\users\easto\desktop\proceduralterrain\3dproceduralterrain\3dproceduralterrain\release\window.obj
c:\users\easto\desktop\proceduralterrain\3dproceduralterrain\3dproceduralterrain\release\texture.obj
c:\users\easto\desktop\proceduralterrain\3dproceduralterrain\3dproceduralterrain\release\skyboxshader.obj
c:\users\easto\desktop\proceduralterrain\3dproceduralterrain\3dproceduralterrain\release\skybox.obj
c:\users\easto\desktop\proceduralterrain\3dproceduralterrain\3dproceduralterrain\release\shader.obj
c:\users\easto\desktop\proceduralterrain\3dproceduralterrain\3dproceduralterrain\release\noise.obj
c:\users\easto\desktop\proceduralterrain\3dproceduralterrain\3dproceduralterrain\release\mesh.obj
c:\users\easto\desktop\proceduralterrain\3dproceduralterrain\3dproceduralterrain\release\material.obj
c:\users\easto\desktop\proceduralterrain\3dproceduralterrain\3dproceduralterrain\release\terrainshader.obj
c:\users\easto\desktop\proceduralterrain\3dproceduralterrain\3dproceduralterrain\release\main.obj
c:\users\easto\desktop\proceduralterrain\3dproceduralterrain\3dproceduralterrain\release\light.obj
c:\users\easto\desktop\proceduralterrain\3dproceduralterrain\3dproceduralterrain\release\graphicsmanager.obj
c:\users\easto\desktop\proceduralterrain\3dproceduralterrain\3dproceduralterrain\release\directionallight.obj
c:\users\easto\desktop\proceduralterrain\3dproceduralterrain\3dproceduralterrain\release\chunkcontroller.obj
c:\users\easto\desktop\proceduralterrain\3dproceduralterrain\3dproceduralterrain\release\camera.obj
c:\users\easto\desktop\proceduralterrain\3dproceduralterrain\release\3dproceduralterrain.exe
c:\users\easto\desktop\proceduralterrain\3dproceduralterrain\release\3dproceduralterrain.pdb
c:\users\easto\desktop\proceduralterrain\3dproceduralterrain\3dproceduralterrain\release\3dproceduralterrain.ipdb
c:\users\easto\desktop\proceduralterrain\3dproceduralterrain\3dproceduralterrain\release\3dproceduralterrain.iobj
c:\users\easto\desktop\proceduralterrain\3dproceduralterrain\3dproceduralterrain\release\3dproced.c637dc47.tlog\cl.command.1.tlog
c:\users\easto\desktop\proceduralterrain\3dproceduralterrain\3dproceduralterrain\release\3dproced.c637dc47.tlog\cl.items.tlog
c:\users\easto\desktop\proceduralterrain\3dproceduralterrain\3dproceduralterrain\release\3dproced.c637dc47.tlog\cl.read.1.tlog
c:\users\easto\desktop\proceduralterrain\3dproceduralterrain\3dproceduralterrain\release\3dproced.c637dc47.tlog\cl.write.1.tlog
c:\users\easto\desktop\proceduralterrain\3dproceduralterrain\3dproceduralterrain\release\3dproced.c637dc47.tlog\link.command.1.tlog
c:\users\easto\desktop\proceduralterrain\3dproceduralterrain\3dproceduralterrain\release\3dproced.c637dc47.tlog\link.read.1.tlog
c:\users\easto\desktop\proceduralterrain\3dproceduralterrain\3dproceduralterrain\release\3dproced.c637dc47.tlog\link.secondary.1.tlog
c:\users\easto\desktop\proceduralterrain\3dproceduralterrain\3dproceduralterrain\release\3dproced.c637dc47.tlog\link.write.1.tlog
