  Camera.cpp
  ChunkController.cpp
  DirectionalLight.cpp
  GraphicsManager.cpp
  Light.cpp
  main.cpp
  TerrainShader.cpp
  Material.cpp
  Mesh.cpp
  Noise.cpp
  Shader.cpp
  Skybox.cpp
  SkyboxShader.cpp
  Texture.cpp
  Window.cpp
  Generating code
  Previous IPDB not found, fall back to full compilation.
  All 557 functions were compiled because no usable IPDB/IOBJ from previous compilation was found.
  Finished generating code
  3DProceduralTerrain.vcxproj -> C:\Users\easto\Desktop\3DProceduralTerrain\Release\3DProceduralTerrain.exe
